<?xml version="1.0" encoding="UTF-8"?>
<testsuite xmlns:xsi="http://www.w3.org/2001/XMLSchema-instance" xsi:noNamespaceSchemaLocation="https://maven.apache.org/surefire/maven-surefire-plugin/xsd/surefire-test-report.xsd" name="org.exemple.demo.batch.AppTest" time="0.108" tests="1" errors="0" skipped="0" failures="0">
  <properties>
    <property name="java.specification.version" value="14"/>
    <property name="sun.jnu.encoding" value="UTF-8"/>
    <property name="java.class.path" value="/Users/julienorrado/maven-workspace/ticket/ticket-batch/target/test-classes:/Users/julienorrado/maven-workspace/ticket/ticket-batch/target/classes:/Users/julienorrado/maven-workspace/ticket/ticket-business/target/ticket-business-1.0-SNAPSHOT.jar:/Users/julienorrado/maven-workspace/ticket/ticket-consumer/target/ticket-consumer-1.0-SNAPSHOT.jar:/Users/julienorrado/maven-workspace/ticket/ticket-model/target/ticket-model-1.0-SNAPSHOT.jar:/Applications/apache-maven-3.8.3/repository/junit/junit/4.13.2/junit-4.13.2.jar:/Applications/apache-maven-3.8.3/repository/org/hamcrest/hamcrest-core/1.3/hamcrest-core-1.3.jar:"/>
    <property name="java.vm.vendor" value="Oracle Corporation"/>
    <property name="sun.arch.data.model" value="64"/>
    <property name="java.vendor.url" value="https://java.oracle.com/"/>
    <property name="os.name" value="Mac OS X"/>
    <property name="java.vm.specification.version" value="14"/>
    <property name="sun.java.launcher" value="SUN_STANDARD"/>
    <property name="user.country" value="FR"/>
    <property name="sun.boot.library.path" value="/Library/Java/JavaVirtualMachines/jdk-14.0.2.jdk/Contents/Home/lib"/>
    <property name="sun.java.command" value="/Users/julienorrado/maven-workspace/ticket/ticket-batch/target/surefire/surefirebooter8071592851209775758.jar /Users/julienorrado/maven-workspace/ticket/ticket-batch/target/surefire 2021-10-20T16-52-37_302-jvmRun1 surefire13267333726202207833tmp surefire_34290678140812517891tmp"/>
    <property name="http.nonProxyHosts" value="local|*.local|169.254/16|*.169.254/16"/>
    <property name="jdk.debug" value="release"/>
    <property name="surefire.test.class.path" value="/Users/julienorrado/maven-workspace/ticket/ticket-batch/target/test-classes:/Users/julienorrado/maven-workspace/ticket/ticket-batch/target/classes:/Users/julienorrado/maven-workspace/ticket/ticket-business/target/ticket-business-1.0-SNAPSHOT.jar:/Users/julienorrado/maven-workspace/ticket/ticket-consumer/target/ticket-consumer-1.0-SNAPSHOT.jar:/Users/julienorrado/maven-workspace/ticket/ticket-model/target/ticket-model-1.0-SNAPSHOT.jar:/Applications/apache-maven-3.8.3/repository/junit/junit/4.13.2/junit-4.13.2.jar:/Applications/apache-maven-3.8.3/repository/org/hamcrest/hamcrest-core/1.3/hamcrest-core-1.3.jar:"/>
    <property name="sun.cpu.endian" value="little"/>
    <property name="user.home" value="/Users/julienorrado"/>
    <property name="user.language" value="fr"/>
    <property name="java.specification.vendor" value="Oracle Corporation"/>
    <property name="java.version.date" value="2020-07-14"/>
    <property name="java.home" value="/Library/Java/JavaVirtualMachines/jdk-14.0.2.jdk/Contents/Home"/>
    <property name="file.separator" value="/"/>
    <property name="basedir" value="/Users/julienorrado/maven-workspace/ticket/ticket-batch"/>
    <property name="java.vm.compressedOopsMode" value="Zero based"/>
    <property name="line.separator" value="&#10;"/>
    <property name="java.specification.name" value="Java Platform API Specification"/>
    <property name="java.vm.specification.vendor" value="Oracle Corporation"/>
    <property name="surefire.real.class.path" value="/Users/julienorrado/maven-workspace/ticket/ticket-batch/target/surefire/surefirebooter8071592851209775758.jar"/>
    <property name="sun.management.compiler" value="HotSpot 64-Bit Tiered Compilers"/>
    <property name="ftp.nonProxyHosts" value="local|*.local|169.254/16|*.169.254/16"/>
    <property name="java.runtime.version" value="14.0.2+12-46"/>
    <property name="user.name" value="julienorrado"/>
    <property name="path.separator" value=":"/>
    <property name="os.version" value="10.13.6"/>
    <property name="java.runtime.name" value="Java(TM) SE Runtime Environment"/>
    <property name="file.encoding" value="UTF-8"/>
    <property name="java.vm.name" value="Java HotSpot(TM) 64-Bit Server VM"/>
    <property name="localRepository" value="/Applications/apache-maven-3.8.3/repository"/>
    <property name="java.vendor.url.bug" value="https://bugreport.java.com/bugreport/"/>
    <property name="java.io.tmpdir" value="/var/folders/93/qvb5bpjs00lbp859mt8xybcr0000gn/T/"/>
    <property name="java.version" value="14.0.2"/>
    <property name="user.dir" value="/Users/julienorrado/maven-workspace/ticket/ticket-batch"/>
    <property name="os.arch" value="x86_64"/>
    <property name="java.vm.specification.name" value="Java Virtual Machine Specification"/>
    <property name="java.library.path" value="/Users/julienorrado/Library/Java/Extensions:/Library/Java/Extensions:/Network/Library/Java/Extensions:/System/Library/Java/Extensions:/usr/lib/java:."/>
    <property name="java.vm.info" value="mixed mode, sharing"/>
    <property name="java.vendor" value="Oracle Corporation"/>
    <property name="java.vm.version" value="14.0.2+12-46"/>
    <property name="sun.io.unicode.encoding" value="UnicodeBig"/>
    <property name="socksNonProxyHosts" value="local|*.local|169.254/16|*.169.254/16"/>
    <property name="java.class.version" value="58.0"/>
  </properties>
  <testcase name="testApp" classname="org.exemple.demo.batch.AppTest" time="0.001"/>
</testsuite>